<?xml version="1.0" encoding="UTF-8"?>
<!-- Generated by org.testng.reporters.JUnitReportReporter -->
<testsuite hostname="MLTBH24990" failures="0" tests="1" name="com.orderApp.WebScript.PrettyLittleThingPlaceOrder" time="72.848" errors="0" timestamp="20 May 2024 17:58:48 GMT">
  <testcase classname="com.orderApp.WebScript.PrettyLittleThingPlaceOrder" name="Login" time="72.848"/>
</testsuite> <!-- com.orderApp.WebScript.PrettyLittleThingPlaceOrder -->
